Start at 13/5/2023--20:58:28
1-  13/5/2023--20:58:28  Espresso single shot  Beans:7g  Water:30ml  Ratio(A/R):(57.0/43.0)  Caffeine:0.12761g.
2-  13/5/2023--20:58:28  Americano double shot  Beans:14g  Water:220ml  Ratio(A/R):(57.0/43.0)  Caffeine:0.12761g.
3-  13/5/2023--20:58:28  Americano single shot  Beans:7g  Water:170ml  Ratio(A/R):(57.0/43.0)  Caffeine:0.12761g.
4-  13/5/2023--20:58:28  Espresso double shot  Beans:14g  Water:60ml  Ratio(A/R):(57.0/43.0)  Caffeine:0.25522g.
Start at 14/5/2023--13:40:42
Started at 14/5/2023--13:43:6
1-  14/5/2023--13:43:6  Espresso single shot  Beans:7g  Water:30ml  Ratio(A/R):(57.0/43.0)  Caffeine:0.12761g.
Started at 14/5/2023--14:58:41
Started at 14/5/2023--16:42:47
1-  14/5/2023--16:42:47  Espresso single shot  Beans:7g  Water:30ml  Ratio(A/R):(57.0/43.0)  Caffeine:0.12761g.
2-  14/5/2023--16:42:47  Americano double shot  Beans:14g  Water:220ml  Ratio(A/R):(57.0/43.0)  Caffeine:0.12761g.
3-  14/5/2023--16:42:47  Americano double shot  Beans:14g  Water:220ml  Ratio(A/R):(57.0/43.0)  Caffeine:0.12761g.
4-  14/5/2023--16:42:47  Espresso single shot  Beans:7g  Water:30ml  Ratio(A/R):(57.0/43.0)  Caffeine:0.12761g.
Started at 14/5/2023--16:57:13
1-  14/5/2023--16:57:13  Espresso single shot  Beans:7g  Water:30ml  Ratio(A/R):(57.0/43.0)  Caffeine:0.12761g.
2-  14/5/2023--16:57:13  Americano single shot  Beans:7g  Water:170ml  Ratio(A/R):(57.0/43.0)  Caffeine:0.12761g.
3-  14/5/2023--16:57:13  Americano double shot  Beans:14g  Water:220ml  Ratio(A/R):(57.0/43.0)  Caffeine:0.12761g.
4-  14/5/2023--16:57:13  Espresso double shot  Beans:14g  Water:60ml  Ratio(A/R):(57.0/43.0)  Caffeine:0.25522g.
Stopped at 14/5/2023--16:57:13
Started at 14/5/2023--16:57:13
Started at 14/5/2023--17:12:8
1-  14/5/2023--17:12:8  Americano single shot  Beans:7g  Water:170ml  Ratio(A/R):(57.0/43.0)  Caffeine:0.12761g.
2-  14/5/2023--17:12:8  Espresso double shot  Beans:14g  Water:60ml  Ratio(A/R):(57.0/43.0)  Caffeine:0.25522g.
3-  14/5/2023--17:12:8  Espresso double shot  Beans:14g  Water:60ml  Ratio(A/R):(57.0/43.0)  Caffeine:0.25522g.
Stopped at 14/5/2023--17:12:8
Started at 14/5/2023--17:14:59
1-  14/5/2023--17:14:59  Americano single shot  Beans:7g  Water:170ml  Ratio(A/R):(57.0/43.0)  Caffeine:0.12761g.
2-  14/5/2023--17:14:59  Espresso double shot  Beans:14g  Water:60ml  Ratio(A/R):(57.0/43.0)  Caffeine:0.25522g.
14/5/2023--17:14:59  WASTE TARY CLEANED
14/5/2023--17:14:59  WASTE TARY CLEANED
14/5/2023--17:14:59  WASTE TARY CLEANED
14/5/2023--17:14:59  WASTE TARY CLEANED
14/5/2023--17:14:59  BEANS CONTAINER FILLED
14/5/2023--17:14:59  WATER CONTAINER FILLED
3-  14/5/2023--17:14:59  Espresso double shot  Beans:14g  Water:60ml  Ratio(A/R):(57.0/43.0)  Caffeine:0.25522g.
Stopped at 14/5/2023--17:14:59
14/5/2023--17:14:59  BEANS CONTAINER FILLED
14/5/2023--17:14:59  WATER CONTAINER FILLED
14/5/2023--17:14:59  WASTE TARY CLEANED
14/5/2023--17:14:59  WASTE TARY CLEANED
14/5/2023--17:14:59  WASTE TARY CLEANED
14/5/2023--17:14:59  WASTE TARY CLEANED
14/5/2023--17:14:59  WASTE TARY CLEANED
14/5/2023--17:14:59  WASTE TARY CLEANED
Started at 14/5/2023--17:12:8
4-  14/5/2023--17:12:8  Espresso double shot  Beans:14g  Water:60ml  Ratio(A/R):(57.0/43.0)  Caffeine:0.25522g.
14/5/2023--17:12:8  BEANS CONTAINER FILLED
14/5/2023--17:12:8  WATER CONTAINER FILLED
5-  14/5/2023--17:12:8  Espresso double shot  Beans:14g  Water:60ml  Ratio(A/R):(57.0/43.0)  Caffeine:0.25522g.
Started at 14/5/2023--17:19:43
1-  14/5/2023--17:19:43  Espresso single shot  Beans:7g  Water:30ml  Ratio(A/R):(57.0/43.0)  Caffeine:0.12761g.
